{"total": {"lines":{"total":730,"covered":373,"skipped":0,"pct":51.09},"statements":{"total":766,"covered":387,"skipped":0,"pct":50.52},"functions":{"total":167,"covered":80,"skipped":0,"pct":47.9},"branches":{"total":401,"covered":176,"skipped":0,"pct":43.89},"branchesTrue":{"total":0,"covered":0,"skipped":0,"pct":100}}
,"/mnt/ext2/code/prompts/github/forks/zotero-attanger/src/addon.ts": {"lines":{"total":7,"covered":7,"skipped":0,"pct":100},"functions":{"total":1,"covered":1,"skipped":0,"pct":100},"statements":{"total":7,"covered":7,"skipped":0,"pct":100},"branches":{"total":2,"covered":2,"skipped":0,"pct":100}}
,"/mnt/ext2/code/prompts/github/forks/zotero-attanger/src/hooks.ts": {"lines":{"total":23,"covered":23,"skipped":0,"pct":100},"functions":{"total":5,"covered":5,"skipped":0,"pct":100},"statements":{"total":23,"covered":23,"skipped":0,"pct":100},"branches":{"total":18,"covered":18,"skipped":0,"pct":100}}
,"/mnt/ext2/code/prompts/github/forks/zotero-attanger/src/index.ts": {"lines":{"total":16,"covered":16,"skipped":0,"pct":100},"functions":{"total":3,"covered":3,"skipped":0,"pct":100},"statements":{"total":16,"covered":16,"skipped":0,"pct":100},"branches":{"total":4,"covered":4,"skipped":0,"pct":100}}
,"/mnt/ext2/code/prompts/github/forks/zotero-attanger/src/modules/menu.ts": {"lines":{"total":537,"covered":213,"skipped":0,"pct":39.66},"functions":{"total":126,"covered":45,"skipped":0,"pct":35.71},"statements":{"total":566,"covered":222,"skipped":0,"pct":39.22},"branches":{"total":290,"covered":91,"skipped":0,"pct":31.37}}
,"/mnt/ext2/code/prompts/github/forks/zotero-attanger/src/modules/preferenceScript.ts": {"lines":{"total":52,"covered":50,"skipped":0,"pct":96.15},"functions":{"total":12,"covered":12,"skipped":0,"pct":100},"statements":{"total":57,"covered":54,"skipped":0,"pct":94.73},"branches":{"total":30,"covered":26,"skipped":0,"pct":86.66}}
,"/mnt/ext2/code/prompts/github/forks/zotero-attanger/src/utils/locale.ts": {"lines":{"total":19,"covered":17,"skipped":0,"pct":89.47},"functions":{"total":3,"covered":2,"skipped":0,"pct":66.66},"statements":{"total":20,"covered":18,"skipped":0,"pct":90},"branches":{"total":23,"covered":20,"skipped":0,"pct":86.95}}
,"/mnt/ext2/code/prompts/github/forks/zotero-attanger/src/utils/prefs.ts": {"lines":{"total":7,"covered":7,"skipped":0,"pct":100},"functions":{"total":3,"covered":3,"skipped":0,"pct":100},"statements":{"total":7,"covered":7,"skipped":0,"pct":100},"branches":{"total":0,"covered":0,"skipped":0,"pct":100}}
,"/mnt/ext2/code/prompts/github/forks/zotero-attanger/src/utils/shortcut.ts": {"lines":{"total":33,"covered":4,"skipped":0,"pct":12.12},"functions":{"total":6,"covered":1,"skipped":0,"pct":16.66},"statements":{"total":34,"covered":4,"skipped":0,"pct":11.76},"branches":{"total":19,"covered":0,"skipped":0,"pct":0}}
,"/mnt/ext2/code/prompts/github/forks/zotero-attanger/src/utils/wait.ts": {"lines":{"total":18,"covered":18,"skipped":0,"pct":100},"functions":{"total":5,"covered":5,"skipped":0,"pct":100},"statements":{"total":18,"covered":18,"skipped":0,"pct":100},"branches":{"total":12,"covered":12,"skipped":0,"pct":100}}
,"/mnt/ext2/code/prompts/github/forks/zotero-attanger/src/utils/window.ts": {"lines":{"total":2,"covered":2,"skipped":0,"pct":100},"functions":{"total":1,"covered":1,"skipped":0,"pct":100},"statements":{"total":2,"covered":2,"skipped":0,"pct":100},"branches":{"total":3,"covered":3,"skipped":0,"pct":100}}
,"/mnt/ext2/code/prompts/github/forks/zotero-attanger/src/utils/ztoolkit.ts": {"lines":{"total":16,"covered":16,"skipped":0,"pct":100},"functions":{"total":2,"covered":2,"skipped":0,"pct":100},"statements":{"total":16,"covered":16,"skipped":0,"pct":100},"branches":{"total":0,"covered":0,"skipped":0,"pct":100}}
}
